c:\users\青松\documents\visual studio 2013\projects\leetcode\leetcode\debug\vc120.pdb
c:\users\青松\documents\visual studio 2013\projects\leetcode\leetcode\debug\vc120.idb
c:\users\青松\documents\visual studio 2013\projects\leetcode\leetcode\debug\maxarea.obj
c:\users\青松\documents\visual studio 2013\projects\leetcode\leetcode\debug\minstack.obj
c:\users\青松\documents\visual studio 2013\projects\leetcode\leetcode\debug\multiplystrings.obj
c:\users\青松\documents\visual studio 2013\projects\leetcode\leetcode\debug\numberofdigitone.obj
c:\users\青松\documents\visual studio 2013\projects\leetcode\leetcode\debug\palindromenumber.obj
c:\users\青松\documents\visual studio 2013\projects\leetcode\leetcode\debug\pathsum.obj
c:\users\青松\documents\visual studio 2013\projects\leetcode\leetcode\debug\quicksort.obj
c:\users\青松\documents\visual studio 2013\projects\leetcode\leetcode\debug\removeduplicatesfromsortedlist.obj
c:\users\青松\documents\visual studio 2013\projects\leetcode\leetcode\debug\removelinkedlistelements.obj
c:\users\青松\documents\visual studio 2013\projects\leetcode\leetcode\debug\reoderlist.obj
c:\users\青松\documents\visual studio 2013\projects\leetcode\leetcode\debug\rotatearray.obj
c:\users\青松\documents\visual studio 2013\projects\leetcode\leetcode\debug\sortcolors.obj
c:\users\青松\documents\visual studio 2013\projects\leetcode\leetcode\debug\sortlist.obj
c:\users\青松\documents\visual studio 2013\projects\leetcode\leetcode\debug\string2integer.obj
c:\users\青松\documents\visual studio 2013\projects\leetcode\leetcode\debug\sumroot2leafnumbers.obj
c:\users\青松\documents\visual studio 2013\projects\leetcode\leetcode\debug\symmetrictree.obj
c:\users\青松\documents\visual studio 2013\projects\leetcode\leetcode\debug\thelargestnum.obj
c:\users\青松\documents\visual studio 2013\projects\leetcode\leetcode\debug\threesum.obj
c:\users\青松\documents\visual studio 2013\projects\leetcode\leetcode\debug\twosum.obj
c:\users\青松\documents\visual studio 2013\projects\leetcode\leetcode\debug\zigzagconversion.obj
c:\users\青松\documents\visual studio 2013\projects\leetcode\leetcode\debug\addbinary.obj
c:\users\青松\documents\visual studio 2013\projects\leetcode\leetcode\debug\addtwonumbers.obj
c:\users\青松\documents\visual studio 2013\projects\leetcode\leetcode\debug\basiccalculator2.obj
c:\users\青松\documents\visual studio 2013\projects\leetcode\leetcode\debug\besttimetobuyandsellstock.obj
c:\users\青松\documents\visual studio 2013\projects\leetcode\leetcode\debug\combinationsum.obj
c:\users\青松\documents\visual studio 2013\projects\leetcode\leetcode\debug\detectcycle.obj
c:\users\青松\documents\visual studio 2013\projects\leetcode\leetcode\debug\foursum.obj
c:\users\青松\documents\visual studio 2013\projects\leetcode\leetcode\debug\houserobber.obj
c:\users\青松\documents\visual studio 2013\projects\leetcode\leetcode\debug\houserobber2.obj
c:\users\青松\documents\visual studio 2013\projects\leetcode\leetcode\debug\implementstrstr.obj
c:\users\青松\documents\visual studio 2013\projects\leetcode\leetcode\debug\invertbinarytree.obj
c:\users\青松\documents\visual studio 2013\projects\leetcode\leetcode\debug\longestpalindromicsubstring.obj
c:\users\青松\documents\visual studio 2013\projects\leetcode\leetcode\debug\longestsubstringwithoutrepeatingcharacters.obj
c:\users\青松\documents\visual studio 2013\projects\leetcode\leetcode\debug\main.obj
c:\users\青松\documents\visual studio 2013\projects\leetcode\leetcode\debug\majorityelement.obj
c:\users\青松\documents\visual studio 2013\projects\leetcode\leetcode\debug\mergesortedarray.obj
c:\users\青松\documents\visual studio 2013\projects\leetcode\leetcode\debug\rotateimage.obj
c:\users\青松\documents\visual studio 2013\projects\leetcode\leetcode\debug\removenthnodefromendoflist.obj
c:\users\青松\documents\visual studio 2013\projects\leetcode\leetcode\debug\slidingwindowmaximum.obj
c:\users\青松\documents\visual studio 2013\projects\leetcode\leetcode\debug\dividetwointegers.obj
c:\users\青松\documents\visual studio 2013\projects\leetcode\leetcode\debug\nextpermutation.obj
c:\users\青松\documents\visual studio 2013\projects\leetcode\leetcode\debug\substringwithconcatenationofallwords.obj
c:\users\青松\documents\visual studio 2013\projects\leetcode\debug\leetcode.ilk
c:\users\青松\documents\visual studio 2013\projects\leetcode\debug\leetcode.exe
c:\users\青松\documents\visual studio 2013\projects\leetcode\debug\leetcode.pdb
c:\users\青松\documents\visual studio 2013\projects\leetcode\leetcode\debug\leetcode.tlog\cl.command.1.tlog
c:\users\青松\documents\visual studio 2013\projects\leetcode\leetcode\debug\leetcode.tlog\cl.read.1.tlog
c:\users\青松\documents\visual studio 2013\projects\leetcode\leetcode\debug\leetcode.tlog\cl.write.1.tlog
c:\users\青松\documents\visual studio 2013\projects\leetcode\leetcode\debug\leetcode.tlog\link.command.1.tlog
c:\users\青松\documents\visual studio 2013\projects\leetcode\leetcode\debug\leetcode.tlog\link.read.1.tlog
c:\users\青松\documents\visual studio 2013\projects\leetcode\leetcode\debug\leetcode.tlog\link.write.1.tlog
